helllo: 0
helllo: 1
Traceback (most recent call last):
  File "/home/ubuntu/KEX---CT-reconstruction/src/explorations/test.py", line 5, in <module>
    time.sleep(10)
KeyboardInterrupt
helllo: 0
helllo: 1
helllo: 2
helllo: 3
helllo: 4
helllo: 5
helllo: 6
helllo: 7
helllo: 8
helllo: 9
helllo: 10
helllo: 11
helllo: 12
helllo: 13
helllo: 14
helllo: 15
helllo: 16
helllo: 17
helllo: 18
helllo: 19
helllo: 20
helllo: 21
helllo: 22
helllo: 23
helllo: 24
helllo: 25
helllo: 26
helllo: 27
helllo: 28
helllo: 29
helllo: 30
helllo: 31
helllo: 32
helllo: 33
helllo: 34
helllo: 35
helllo: 36
helllo: 37
helllo: 38
helllo: 39
helllo: 40
helllo: 41
helllo: 42
helllo: 43
helllo: 44
helllo: 45
helllo: 46
helllo: 47
helllo: 48
helllo: 49
helllo: 50
helllo: 51
helllo: 52
helllo: 53
helllo: 54
helllo: 55
helllo: 56
helllo: 57
helllo: 58
helllo: 59
helllo: 60
helllo: 61
helllo: 62
helllo: 63
helllo: 64
helllo: 65
helllo: 66
helllo: 67
helllo: 68
helllo: 69
helllo: 70
helllo: 71
helllo: 72
helllo: 73
helllo: 74
helllo: 75
helllo: 76
helllo: 77
helllo: 78
helllo: 79
helllo: 80
helllo: 81
helllo: 82
helllo: 83
helllo: 84
helllo: 85
helllo: 86
helllo: 87
helllo: 88
helllo: 89
helllo: 90
helllo: 91
helllo: 92
helllo: 93
helllo: 94
helllo: 95
helllo: 96
helllo: 97
helllo: 98
helllo: 99
helllo: 0
helllo: 1
helllo: 2
helllo: 3
helllo: 4
helllo: 5
helllo: 6
helllo: 7
helllo: 8
helllo: 9
helllo: 10
helllo: 11
helllo: 12
helllo: 13
Traceback (most recent call last):
  File "/home/ubuntu/KEX---CT-reconstruction/src/explorations/test.py", line 5, in <module>
    time.sleep(1)
KeyboardInterrupt
